<?xml version="1.0" encoding="UTF-8"?>
<testsuite xmlns:xsi="http://www.w3.org/2001/XMLSchema-instance" xsi:noNamespaceSchemaLocation="https://maven.apache.org/surefire/maven-surefire-plugin/xsd/surefire-test-report-3.0.xsd" version="3.0" name="com.example.demo.DemoApplicationTests" time="13.641" tests="1" errors="0" skipped="0" failures="0">
  <properties>
[...]
</properties>
  <testcase name="contextLoads" classname="com.example.demo.DemoApplicationTests" time="1.97">
    <system-out><![CDATA[Standard Commons Logging discovery in action with spring-jcl: please remove commons-logging.jar from classpath in order to avoid potential conflicts
21:30:45.151 [main] INFO org.springframework.test.context.support.AnnotationConfigContextLoaderUtils -- Could not detect default configuration classes for test class [com.example.demo.DemoApplicationTests]: DemoApplicationTests does not declare any static, non-private, non-final, nested classes annotated with @Configuration.
21:30:45.365 [main] INFO org.springframework.boot.test.context.SpringBootTestContextBootstrapper -- Found @SpringBootConfiguration com.example.demo.DemoApplication for test class com.example.demo.DemoApplicationTests

  .   ____          _            __ _ _
 /\\ / ___'_ __ _ _(_)_ __  __ _ \ \ \ \
( ( )\___ | '_ | '_| | '_ \/ _` | \ \ \ \
 \\/  ___)| |_)| | | | | || (_| |  ) ) ) )
  '  |____| .__|_| |_|_| |_\__, | / / / /
 =========|_|==============|___/=/_/_/_/
 :: Spring Boot ::                (v3.2.6)

2025-07-15 21:30:47,041 INFO  com.example.demo.DemoApplicationTests : Starting DemoApplicationTests using Java 17.0.12 with PID 10524 (started by Windows in D:\PHATTRIEN_DCMS\eureka-server)
2025-07-15 21:30:47,043 INFO  com.example.demo.DemoApplicationTests : No active profile set, falling back to 1 default profile: "default"
2025-07-15 21:30:50,456 INFO  org.springframework.cloud.context.scope.GenericScope : BeanFactory id=92a7f4fc-5549-3a4d-9740-995e9e8aee12
2025-07-15 21:30:50,758 WARN  org.springframework.context.support.PostProcessorRegistrationDelegate$BeanPostProcessorChecker : Bean 'org.springframework.cloud.client.loadbalancer.LoadBalancerAutoConfiguration$DeferringLoadBalancerInterceptorConfig' of type [org.springframework.cloud.client.loadbalancer.LoadBalancerAutoConfiguration$DeferringLoadBalancerInterceptorConfig] is not eligible for getting processed by all BeanPostProcessors (for example: not eligible for auto-proxying). The currently created BeanPostProcessor [lbRestClientPostProcessor] is declared through a non-static factory method on that class; consider declaring it as static instead.
2025-07-15 21:30:50,768 WARN  org.springframework.context.support.PostProcessorRegistrationDelegate$BeanPostProcessorChecker : Bean 'deferringLoadBalancerInterceptor' of type [org.springframework.cloud.client.loadbalancer.DeferringLoadBalancerInterceptor] is not eligible for getting processed by all BeanPostProcessors (for example: not eligible for auto-proxying). Is this bean getting eagerly injected into a currently created BeanPostProcessor [lbRestClientPostProcessor]? Check the corresponding BeanPostProcessor declaration and its dependencies.
2025-07-15 21:30:54,455 WARN  org.springframework.cloud.loadbalancer.config.LoadBalancerCacheAutoConfiguration$LoadBalancerCaffeineWarnLogger : Spring Cloud LoadBalancer is currently working with the default cache. While this cache implementation is useful for development and tests, it's recommended to use Caffeine cache in production.You can switch to using Caffeine cache, by adding it and org.springframework.cache.caffeine.CaffeineCacheManager to the classpath.
2025-07-15 21:30:55,303 INFO  org.springframework.cloud.netflix.eureka.InstanceInfoFactory : Setting initial instance status as: STARTING
2025-07-15 21:30:55,405 INFO  com.netflix.discovery.DiscoveryClient : Initializing Eureka in region us-east-1
2025-07-15 21:30:55,411 INFO  com.netflix.discovery.DiscoveryClient : Client configured to neither register nor query for data.
2025-07-15 21:30:55,434 INFO  com.netflix.discovery.DiscoveryClient : Discovery Client initialized at timestamp 1752589855431 with initial instances count: 0
2025-07-15 21:30:55,557 INFO  com.netflix.eureka.DefaultEurekaServerContext : Initializing ...
2025-07-15 21:30:55,561 WARN  com.netflix.eureka.cluster.PeerEurekaNodes : The replica size seems to be empty. Check the route 53 DNS Registry
2025-07-15 21:30:55,728 INFO  com.netflix.eureka.registry.AbstractInstanceRegistry : Finished initializing remote region registries. All known remote regions: []
2025-07-15 21:30:55,730 INFO  com.netflix.eureka.DefaultEurekaServerContext : Initialized
2025-07-15 21:30:56,017 INFO  org.springframework.boot.actuate.endpoint.web.EndpointLinksResolver : Exposing 1 endpoint(s) beneath base path '/actuator'
2025-07-15 21:30:56,141 INFO  org.springframework.cloud.netflix.eureka.serviceregistry.EurekaServiceRegistry : Registering application EUREKA-SERVER with eureka with status UP
2025-07-15 21:30:56,174 INFO  org.springframework.cloud.netflix.eureka.server.EurekaServerBootstrap : isAws returned false
2025-07-15 21:30:56,176 INFO  org.springframework.cloud.netflix.eureka.server.EurekaServerBootstrap : Initialized server context
2025-07-15 21:30:56,176 INFO  com.netflix.eureka.registry.PeerAwareInstanceRegistryImpl : Got 1 instances from neighboring DS node
2025-07-15 21:30:56,176 INFO  com.netflix.eureka.registry.PeerAwareInstanceRegistryImpl : Renew threshold is: 1
2025-07-15 21:30:56,177 INFO  com.netflix.eureka.registry.PeerAwareInstanceRegistryImpl : Changing status to UP
2025-07-15 21:30:56,196 INFO  org.springframework.cloud.netflix.eureka.server.EurekaServerInitializerConfiguration : Started Eureka Server
2025-07-15 21:30:56,204 INFO  com.example.demo.DemoApplicationTests : Started DemoApplicationTests in 10.526 seconds (process running for 13.129)
]]></system-out>
  </testcase>
</testsuite>